<?xml version="1.0" encoding="UTF-8"?>
<!-- Generated by org.testng.reporters.JUnitXMLReporter -->
<testsuite hostname="Liza" name="Test" tests="2" failures="2" timestamp="2 Feb 2018 01:40:11 GMT" time="18.219" errors="0">
  <testcase name="logo" time="0.027" classname="com.HelloWorld.t.App">
    <failure type="java.lang.NullPointerException">
      <![CDATA[java.lang.NullPointerException
	at com.HelloWorld.t.App.logo(App.java:104)
... Removed 24 stack frames]]>
    </failure>
  </testcase> <!-- logo -->
  <testcase name="test" time="0.001" classname="com.HelloWorld.t.App">
    <failure type="java.lang.NullPointerException">
      <![CDATA[java.lang.NullPointerException
	at com.HelloWorld.t.App.test(App.java:90)
... Removed 24 stack frames]]>
    </failure>
  </testcase> <!-- test -->
</testsuite> <!-- Test -->
