<?xml version="1.0" encoding="UTF-8"?>
<!-- Generated by org.testng.reporters.JUnitXMLReporter -->
<testsuite hostname="Liza" name="Test" tests="3" failures="1" timestamp="28 Jan 2018 15:10:39 GMT" time="7.18" errors="0">
  <testcase name="demoReportFail" time="0.009" classname="com.HelloWorld.t.GenerateExtentReport">
    <failure type="java.lang.AssertionError" message="expected [true] but found [false]">
      <![CDATA[java.lang.AssertionError: expected [true] but found [false]
	at com.HelloWorld.t.GenerateExtentReport.demoReportFail(GenerateExtentReport.java:42)
... Removed 28 stack frames]]>
    </failure>
  </testcase> <!-- demoReportFail -->
  <testcase name="demoReportPass" time="0.001" classname="com.HelloWorld.t.GenerateExtentReport"/>
  <testcase name="test" time="0.001" classname="com.HelloWorld.t.App"/>
</testsuite> <!-- Test -->
