<?xml version="1.0" encoding="UTF-8"?>
<testng-results skipped="0" failed="1" total="3" passed="2">
  <reporter-output>
  </reporter-output>
  <suite name="Suite" duration-ms="7180" started-at="2018-01-28T15:10:32Z" finished-at="2018-01-28T15:10:39Z">
    <groups>
    </groups>
    <test name="Test" duration-ms="7180" started-at="2018-01-28T15:10:32Z" finished-at="2018-01-28T15:10:39Z">
      <class name="com.HelloWorld.t.App">
        <test-method status="PASS" signature="setupClass()[pri:0, instance:com.HelloWorld.t.App@59a6e353]" name="setupClass" is-config="true" duration-ms="6488" started-at="2018-01-28T10:10:32Z" finished-at="2018-01-28T10:10:38Z">
          <reporter-output>
          </reporter-output>
        </test-method> <!-- setupClass -->
        <test-method status="PASS" signature="test()[pri:0, instance:com.HelloWorld.t.App@59a6e353]" name="test" duration-ms="1" started-at="2018-01-28T10:10:38Z" finished-at="2018-01-28T10:10:38Z">
          <reporter-output>
          </reporter-output>
        </test-method> <!-- test -->
      </class> <!-- com.HelloWorld.t.App -->
      <class name="com.HelloWorld.t.GenerateExtentReport">
        <test-method status="PASS" signature="startReport()[pri:0, instance:com.HelloWorld.t.GenerateExtentReport@b684286]" name="startReport" is-config="true" duration-ms="288" started-at="2018-01-28T10:10:32Z" finished-at="2018-01-28T10:10:32Z">
          <reporter-output>
          </reporter-output>
        </test-method> <!-- startReport -->
        <test-method status="FAIL" signature="demoReportFail()[pri:0, instance:com.HelloWorld.t.GenerateExtentReport@b684286]" name="demoReportFail" duration-ms="9" started-at="2018-01-28T10:10:32Z" finished-at="2018-01-28T10:10:32Z">
          <exception class="java.lang.AssertionError">
            <message>
              <![CDATA[expected [true] but found [false]]]>
            </message>
            <full-stacktrace>
              <![CDATA[java.lang.AssertionError: expected [true] but found [false]
	at org.testng.Assert.fail(Assert.java:94)
	at org.testng.Assert.failNotEquals(Assert.java:494)
	at org.testng.Assert.assertTrue(Assert.java:42)
	at org.testng.Assert.assertTrue(Assert.java:52)
	at com.HelloWorld.t.GenerateExtentReport.demoReportFail(GenerateExtentReport.java:42)
	at sun.reflect.NativeMethodAccessorImpl.invoke0(Native Method)
	at sun.reflect.NativeMethodAccessorImpl.invoke(Unknown Source)
	at sun.reflect.DelegatingMethodAccessorImpl.invoke(Unknown Source)
	at java.lang.reflect.Method.invoke(Unknown Source)
	at org.testng.internal.MethodInvocationHelper.invokeMethod(MethodInvocationHelper.java:80)
	at org.testng.internal.Invoker.invokeMethod(Invoker.java:714)
	at org.testng.internal.Invoker.invokeTestMethod(Invoker.java:901)
	at org.testng.internal.Invoker.invokeTestMethods(Invoker.java:1231)
	at org.testng.internal.TestMethodWorker.invokeTestMethods(TestMethodWorker.java:127)
	at org.testng.internal.TestMethodWorker.run(TestMethodWorker.java:111)
	at org.testng.TestRunner.privateRun(TestRunner.java:767)
	at org.testng.TestRunner.run(TestRunner.java:617)
	at org.testng.SuiteRunner.runTest(SuiteRunner.java:334)
	at org.testng.SuiteRunner.runSequentially(SuiteRunner.java:329)
	at org.testng.SuiteRunner.privateRun(SuiteRunner.java:291)
	at org.testng.SuiteRunner.run(SuiteRunner.java:240)
	at org.testng.SuiteRunnerWorker.runSuite(SuiteRunnerWorker.java:52)
	at org.testng.SuiteRunnerWorker.run(SuiteRunnerWorker.java:86)
	at org.testng.TestNG.runSuitesSequentially(TestNG.java:1198)
	at org.testng.TestNG.runSuitesLocally(TestNG.java:1123)
	at org.testng.TestNG.run(TestNG.java:1031)
	at org.testng.remote.RemoteTestNG.run(RemoteTestNG.java:115)
	at org.testng.remote.RemoteTestNG.initAndRun(RemoteTestNG.java:207)
	at org.testng.remote.RemoteTestNG.main(RemoteTestNG.java:178)
]]>
            </full-stacktrace>
          </exception> <!-- java.lang.AssertionError -->
          <reporter-output>
          </reporter-output>
        </test-method> <!-- demoReportFail -->
        <test-method status="PASS" signature="getResult(org.testng.ITestResult)[pri:0, instance:com.HelloWorld.t.GenerateExtentReport@b684286]" name="getResult" is-config="true" duration-ms="7" started-at="2018-01-28T10:10:32Z" finished-at="2018-01-28T10:10:32Z">
          <params>
            <param index="0">
              <value>
                <![CDATA[[TestResult name=demoReportFail status=FAILURE method=GenerateExtentReport.demoReportFail()[pri:0, instance:com.HelloWorld.t.GenerateExtentReport@b684286] output={null}]]]>
              </value>
            </param>
          </params>
          <reporter-output>
          </reporter-output>
        </test-method> <!-- getResult -->
        <test-method status="PASS" signature="demoReportPass()[pri:0, instance:com.HelloWorld.t.GenerateExtentReport@b684286]" name="demoReportPass" duration-ms="1" started-at="2018-01-28T10:10:32Z" finished-at="2018-01-28T10:10:32Z">
          <reporter-output>
          </reporter-output>
        </test-method> <!-- demoReportPass -->
        <test-method status="PASS" signature="getResult(org.testng.ITestResult)[pri:0, instance:com.HelloWorld.t.GenerateExtentReport@b684286]" name="getResult" is-config="true" duration-ms="1" started-at="2018-01-28T10:10:32Z" finished-at="2018-01-28T10:10:32Z">
          <params>
            <param index="0">
              <value>
                <![CDATA[[TestResult name=demoReportPass status=SUCCESS method=GenerateExtentReport.demoReportPass()[pri:0, instance:com.HelloWorld.t.GenerateExtentReport@b684286] output={null}]]]>
              </value>
            </param>
          </params>
          <reporter-output>
          </reporter-output>
        </test-method> <!-- getResult -->
        <test-method status="PASS" signature="endreport()[pri:0, instance:com.HelloWorld.t.GenerateExtentReport@b684286]" name="endreport" is-config="true" duration-ms="364" started-at="2018-01-28T10:10:38Z" finished-at="2018-01-28T10:10:39Z">
          <reporter-output>
          </reporter-output>
        </test-method> <!-- endreport -->
      </class> <!-- com.HelloWorld.t.GenerateExtentReport -->
    </test> <!-- Test -->
  </suite> <!-- Suite -->
</testng-results>
